Arguments: 
  /Users/kentata/.nodebrew/node/v16.15.0/bin/node /Users/kentata/.nodebrew/current/bin/yarn init

PATH: 
  /Users/kentata/.nodebrew/current/bin:/opt/homebrew/bin:/opt/homebrew/sbin:/usr/local/bin:/usr/local/sbin:/usr/bin:/bin:/usr/sbin:/sbin:/usr/local/share/dotnet:~/.dotnet/tools:/Library/Frameworks/Mono.framework/Versions/Current/Commands:/Users/kentata/.nodebrew/current/bin

Yarn version: 
  1.22.19

Node version: 
  16.15.0

Platform: 
  darwin x64

Trace: 
  Error: canceled
      at Interface.<anonymous> (/Users/kentata/.nodebrew/node/v16.15.0/lib/node_modules/yarn/lib/cli.js:137150:13)
      at Interface.emit (node:events:527:28)
      at Interface._ttyWrite (node:readline:1081:16)
      at ReadStream.onkeypress (node:readline:288:10)
      at ReadStream.emit (node:events:527:28)
      at emitKeys (node:internal/readline/utils:358:14)
      at emitKeys.next (<anonymous>)
      at ReadStream.onData (node:internal/readline/emitKeypressEvents:61:36)
      at ReadStream.emit (node:events:527:28)
      at addChunk (node:internal/streams/readable:315:12)

npm manifest: 
  {
    "name": "circleci-javascript-example",
    "author": "tomoya <tomoya.ton@gmail.com>",
    "license": "MIT",
    "scripts": {
      "test": "jest"
    },
    "devDependencies": {
      "jest": "26.1.0"
    }
  }

yarn manifest: 
  No manifest

Lockfile: 
  
